<?xml version="1.0" encoding="UTF-8"?>
<!-- Generated by org.testng.reporters.JUnitXMLReporter -->
<testsuite ignored="2" hostname="H-ElFekey-Laptop" failures="0" tests="1" name="Default test" time="7.697" errors="0" timestamp="2023-06-23T00:25:42 EET">
  <testcase classname="Tests.testing" name="test1" time="3.853"/>
  <testcase classname="Tests.testing" name="tc5" time="0.0">
    <ignored/>
  </testcase> <!-- tc5 -->
  <testcase classname="Tests.testing" name="tc4" time="0.0">
    <ignored/>
  </testcase> <!-- tc4 -->
</testsuite> <!-- Default test -->
