<?xml version="1.0" encoding="UTF-8"?>
<!-- Generated by org.testng.reporters.JUnitXMLReporter -->
<testsuite ignored="2" hostname="H-ElFekey-Laptop" failures="0" tests="1" name="Test2" time="33.121" errors="0" timestamp="2023-06-23T16:39:25 EET">
  <testcase classname="Tests.testing" name="tc5" time="29.447"/>
  <testcase classname="Tests.testing" name="tc4" time="0.0">
    <ignored/>
  </testcase> <!-- tc4 -->
  <testcase classname="Tests.testing" name="test1" time="0.0">
    <ignored/>
  </testcase> <!-- test1 -->
</testsuite> <!-- Test2 -->
